[0910/124302.983:ERROR:process_memory_win.cc(73)] ReadMemory at 0x7ff6af160000 of 64 bytes failed: Only part of a ReadProcessMemory or WriteProcessMemory request was completed. (0x12B)
[0910/124302.984:WARNING:pe_image_reader.cc(340)] could not read dos header from C:\Program Files (x86)\Google\Chrome\Application\chrome.exe
[0910/124302.984:ERROR:process_memory_win.cc(73)] ReadMemory at 0x7fffdf120000 of 64 bytes failed: Only part of a ReadProcessMemory or WriteProcessMemory request was completed. (0x12B)
[0910/124302.984:WARNING:pe_image_reader.cc(340)] could not read dos header from C:\WINDOWS\SYSTEM32\ntdll.dll
[0910/124302.984:ERROR:process_memory_win.cc(73)] ReadMemory at 0x7fffdd270000 of 64 bytes failed: Only part of a ReadProcessMemory or WriteProcessMemory request was completed. (0x12B)
[0910/124302.985:WARNING:pe_image_reader.cc(340)] could not read dos header from C:\WINDOWS\System32\KERNEL32.DLL
[0910/124302.985:ERROR:process_memory_win.cc(73)] ReadMemory at 0x7fffdc230000 of 64 bytes failed: Only part of a ReadProcessMemory or WriteProcessMemory request was completed. (0x12B)
[0910/124302.985:WARNING:pe_image_reader.cc(340)] could not read dos header from C:\WINDOWS\System32\KERNELBASE.dll
[0910/124302.985:ERROR:process_memory_win.cc(73)] ReadMemory at 0x7fff94860000 of 64 bytes failed: Only part of a ReadProcessMemory or WriteProcessMemory request was completed. (0x12B)
[0910/124302.985:WARNING:pe_image_reader.cc(340)] could not read dos header from C:\Program Files (x86)\Google\Chrome\Application\85.0.4183.102\chrome_elf.dll
[0910/124302.985:ERROR:process_memory_win.cc(73)] ReadMemory at 0x7fffd6cf0000 of 64 bytes failed: Only part of a ReadProcessMemory or WriteProcessMemory request was completed. (0x12B)
[0910/124302.985:WARNING:pe_image_reader.cc(340)] could not read dos header from C:\WINDOWS\SYSTEM32\VERSION.dll
[0910/124302.985:ERROR:process_memory_win.cc(73)] ReadMemory at 0x1e9fc730000 of 64 bytes failed: Only part of a ReadProcessMemory or WriteProcessMemory request was completed. (0x12B)
[0910/124302.985:WARNING:pe_image_reader.cc(340)] could not read dos header from C:\WINDOWS\System32\msvcrt.dll
[0910/124302.985:ERROR:process_memory_win.cc(73)] ReadMemory at 0x7fffdc6b0000 of 64 bytes failed: Only part of a ReadProcessMemory or WriteProcessMemory request was completed. (0x12B)
[0910/124302.985:WARNING:pe_image_reader.cc(340)] could not read dos header from C:\WINDOWS\System32\bcryptPrimitives.dll
[0910/124302.985:ERROR:process_memory_win.cc(73)] ReadMemory at 0x7fffde370000 of 64 bytes failed: Only part of a ReadProcessMemory or WriteProcessMemory request was completed. (0x12B)
[0910/124302.985:WARNING:pe_image_reader.cc(340)] could not read dos header from C:\WINDOWS\System32\ADVAPI32.dll
[0910/124302.985:ERROR:process_memory_win.cc(73)] ReadMemory at 0x7fffdd1d0000 of 64 bytes failed: Only part of a ReadProcessMemory or WriteProcessMemory request was completed. (0x12B)
[0910/124302.985:WARNING:pe_image_reader.cc(340)] could not read dos header from C:\WINDOWS\System32\sechost.dll
[0910/124302.985:ERROR:process_memory_win.cc(73)] ReadMemory at 0x7fffde250000 of 64 bytes failed: Only part of a ReadProcessMemory or WriteProcessMemory request was completed. (0x12B)
[0910/124302.985:WARNING:pe_image_reader.cc(340)] could not read dos header from C:\WINDOWS\System32\RPCRT4.dll
[0910/124302.985:ERROR:process_memory_win.cc(73)] ReadMemory at 0x7fff950b0000 of 64 bytes failed: Only part of a ReadProcessMemory or WriteProcessMemory request was completed. (0x12B)
[0910/124302.985:WARNING:pe_image_reader.cc(340)] could not read dos header from C:\Program Files (x86)\Google\Chrome\Application\85.0.4183.102\chrome.dll
[0910/124302.985:ERROR:process_memory_win.cc(73)] ReadMemory at 0x7fffdf070000 of 64 bytes failed: Only part of a ReadProcessMemory or WriteProcessMemory request was completed. (0x12B)
[0910/124302.985:WARNING:pe_image_reader.cc(340)] could not read dos header from C:\WINDOWS\System32\WS2_32.dll
[0910/124302.985:ERROR:process_memory_win.cc(73)] ReadMemory at 0x7fffde4c0000 of 64 bytes failed: Only part of a ReadProcessMemory or WriteProcessMemory request was completed. (0x12B)
[0910/124302.985:WARNING:pe_image_reader.cc(340)] could not read dos header from C:\WINDOWS\System32\OLEAUT32.dll
[0910/124302.985:ERROR:process_memory_win.cc(73)] ReadMemory at 0x7fffdd020000 of 64 bytes failed: Only part of a ReadProcessMemory or WriteProcessMemory request was completed. (0x12B)
[0910/124302.985:WARNING:pe_image_reader.cc(340)] could not read dos header from C:\WINDOWS\System32\msvcp_win.dll
[0910/124302.985:ERROR:process_memory_win.cc(73)] ReadMemory at 0x7fffdcf20000 of 64 bytes failed: Only part of a ReadProcessMemory or WriteProcessMemory request was completed. (0x12B)
[0910/124302.985:WARNING:pe_image_reader.cc(340)] could not read dos header from C:\WINDOWS\System32\ucrtbase.dll
[0910/124302.985:ERROR:process_memory_win.cc(73)] ReadMemory at 0x7fffdd3d0000 of 64 bytes failed: Only part of a ReadProcessMemory or WriteProcessMemory request was completed. (0x12B)
[0910/124302.985:WARNING:pe_image_reader.cc(340)] could not read dos header from C:\WINDOWS\System32\combase.dll
[0910/124302.985:ERROR:process_memory_win.cc(73)] ReadMemory at 0x7fffdd0c0000 of 64 bytes failed: Only part of a ReadProcessMemory or WriteProcessMemory request was completed. (0x12B)
[0910/124302.985:WARNING:pe_image_reader.cc(340)] could not read dos header from C:\WINDOWS\System32\WINTRUST.dll
[0910/124302.985:ERROR:process_memory_win.cc(73)] ReadMemory at 0x7fffdc070000 of 64 bytes failed: Only part of a ReadProcessMemory or WriteProcessMemory request was completed. (0x12B)
[0910/124302.985:WARNING:pe_image_reader.cc(340)] could not read dos header from C:\WINDOWS\System32\MSASN1.dll
[0910/124302.986:ERROR:process_memory_win.cc(73)] ReadMemory at 0x7fffdc0b0000 of 64 bytes failed: Only part of a ReadProcessMemory or WriteProcessMemory request was completed. (0x12B)
[0910/124302.986:WARNING:pe_image_reader.cc(340)] could not read dos header from C:\WINDOWS\System32\CRYPT32.dll
[0910/124302.986:ERROR:process_memory_win.cc(73)] ReadMemory at 0x7fffdb540000 of 64 bytes failed: Only part of a ReadProcessMemory or WriteProcessMemory request was completed. (0x12B)
[0910/124302.986:WARNING:pe_image_reader.cc(340)] could not read dos header from C:\WINDOWS\SYSTEM32\IPHLPAPI.DLL
[0910/124302.986:ERROR:process_memory_win.cc(73)] ReadMemory at 0x7fffceff0000 of 64 bytes failed: Only part of a ReadProcessMemory or WriteProcessMemory request was completed. (0x12B)
[0910/124302.986:WARNING:pe_image_reader.cc(340)] could not read dos header from C:\WINDOWS\SYSTEM32\WINMM.dll
[0910/124302.986:ERROR:process_memory_win.cc(73)] ReadMemory at 0x7fffb1530000 of 64 bytes failed: Only part of a ReadProcessMemory or WriteProcessMemory request was completed. (0x12B)
[0910/124302.986:WARNING:pe_image_reader.cc(340)] could not read dos header from C:\WINDOWS\SYSTEM32\UIAutomationCore.DLL
[0910/124302.986:ERROR:process_memory_win.cc(73)] ReadMemory at 0x7fffca960000 of 64 bytes failed: Only part of a ReadProcessMemory or WriteProcessMemory request was completed. (0x12B)
[0910/124302.986:WARNING:pe_image_reader.cc(340)] could not read dos header from C:\WINDOWS\SYSTEM32\Secur32.dll
[0910/124302.986:ERROR:process_memory_win.cc(73)] ReadMemory at 0x7fffdbf00000 of 64 bytes failed: Only part of a ReadProcessMemory or WriteProcessMemory request was completed. (0x12B)
[0910/124302.986:WARNING:pe_image_reader.cc(340)] could not read dos header from C:\WINDOWS\SYSTEM32\USERENV.dll
[0910/124302.986:ERROR:process_memory_win.cc(73)] ReadMemory at 0x7fffdbff0000 of 64 bytes failed: Only part of a ReadProcessMemory or WriteProcessMemory request was completed. (0x12B)
[0910/124302.986:WARNING:pe_image_reader.cc(340)] could not read dos header from C:\WINDOWS\System32\profapi.dll
[0910/124302.986:ERROR:process_memory_win.cc(73)] ReadMemory at 0x7fffc0b60000 of 64 bytes failed: Only part of a ReadProcessMemory or WriteProcessMemory request was completed. (0x12B)
[0910/124302.986:WARNING:pe_image_reader.cc(340)] could not read dos header from C:\WINDOWS\SYSTEM32\DWrite.dll
[0910/124302.986:ERROR:process_memory_win.cc(73)] ReadMemory at 0x7fffc5b30000 of 64 bytes failed: Only part of a ReadProcessMemory or WriteProcessMemory request was completed. (0x12B)
[0910/124302.986:WARNING:pe_image_reader.cc(340)] could not read dos header from C:\WINDOWS\SYSTEM32\WINSPOOL.DRV
[0910/124302.986:ERROR:process_memory_win.cc(73)] ReadMemory at 0x7fffdc090000 of 64 bytes failed: Only part of a ReadProcessMemory or WriteProcessMemory request was completed. (0x12B)
[0910/124302.986:WARNING:pe_image_reader.cc(340)] could not read dos header from C:\WINDOWS\System32\kernel.appcore.dll
[0910/124302.986:ERROR:process_memory_win.cc(73)] ReadMemory at 0x7fffdc680000 of 64 bytes failed: Only part of a ReadProcessMemory or WriteProcessMemory request was completed. (0x12B)
[0910/124302.986:WARNING:pe_image_reader.cc(340)] could not read dos header from C:\WINDOWS\System32\bcrypt.dll
[0910/124302.986:ERROR:process_memory_win.cc(73)] ReadMemory at 0x7fffda820000 of 64 bytes failed: Only part of a ReadProcessMemory or WriteProcessMemory request was completed. (0x12B)
[0910/124302.986:WARNING:pe_image_reader.cc(340)] could not read dos header from C:\WINDOWS\SYSTEM32\dbghelp.dll
[0910/124302.986:ERROR:process_memory_win.cc(73)] ReadMemory at 0x7fffcf300000 of 64 bytes failed: Only part of a ReadProcessMemory or WriteProcessMemory request was completed. (0x12B)
[0910/124302.986:WARNING:pe_image_reader.cc(340)] could not read dos header from C:\WINDOWS\SYSTEM32\WINHTTP.dll
[0910/124302.986:ERROR:process_memory_win.cc(73)] ReadMemory at 0x7fffd1590000 of 64 bytes failed: Only part of a ReadProcessMemory or WriteProcessMemory request was completed. (0x12B)
[0910/124302.986:WARNING:pe_image_reader.cc(340)] could not read dos header from C:\WINDOWS\SYSTEM32\dhcpcsvc.DLL
[0910/124302.986:ERROR:process_memory_win.cc(73)] ReadMemory at 0x7fffde240000 of 64 bytes failed: Only part of a ReadProcessMemory or WriteProcessMemory request was completed. (0x12B)
[0910/124302.986:WARNING:pe_image_reader.cc(340)] could not read dos header from C:\WINDOWS\System32\NSI.dll
[0910/124302.986:ERROR:process_memory_win.cc(73)] ReadMemory at 0x7fffcd980000 of 64 bytes failed: Only part of a ReadProcessMemory or WriteProcessMemory request was completed. (0x12B)
[0910/124302.986:WARNING:pe_image_reader.cc(340)] could not read dos header from C:\WINDOWS\SYSTEM32\WINMMBASE.dll
[0910/124302.986:ERROR:process_memory_win.cc(73)] ReadMemory at 0x7fffdc730000 of 64 bytes failed: Only part of a ReadProcessMemory or WriteProcessMemory request was completed. (0x12B)
[0910/124302.986:WARNING:pe_image_reader.cc(340)] could not read dos header from C:\WINDOWS\System32\cfgmgr32.dll
[0910/124302.986:ERROR:process_memory_win.cc(73)] ReadMemory at 0x7fffd8650000 of 64 bytes failed: Only part of a ReadProcessMemory or WriteProcessMemory request was completed. (0x12B)
[0910/124302.986:WARNING:pe_image_reader.cc(340)] could not read dos header from C:\WINDOWS\SYSTEM32\PROPSYS.dll
[0910/124302.986:ERROR:process_memory_win.cc(73)] ReadMemory at 0x7fffdde60000 of 64 bytes failed: Only part of a ReadProcessMemory or WriteProcessMemory request was completed. (0x12B)
[0910/124302.986:WARNING:pe_image_reader.cc(340)] could not read dos header from C:\WINDOWS\System32\shcore.dll
[0910/124302.986:ERROR:process_memory_win.cc(73)] ReadMemory at 0x7fffdbec0000 of 64 bytes failed: Only part of a ReadProcessMemory or WriteProcessMemory request was completed. (0x12B)
[0910/124302.986:WARNING:pe_image_reader.cc(340)] could not read dos header from C:\WINDOWS\SYSTEM32\SSPICLI.DLL
[0910/124302.986:ERROR:process_memory_win.cc(73)] ReadMemory at 0x7fffdd770000 of 64 bytes failed: Only part of a ReadProcessMemory or WriteProcessMemory request was completed. (0x12B)
[0910/124302.986:WARNING:pe_image_reader.cc(340)] could not read dos header from C:\WINDOWS\System32\SHELL32.dll
[0910/124302.987:ERROR:process_memory_win.cc(73)] ReadMemory at 0x7fffdc780000 of 64 bytes failed: Only part of a ReadProcessMemory or WriteProcessMemory request was completed. (0x12B)
[0910/124302.987:WARNING:pe_image_reader.cc(340)] could not read dos header from C:\WINDOWS\System32\windows.storage.dll
[0910/124302.987:ERROR:process_memory_win.cc(73)] ReadMemory at 0x7fffdc020000 of 64 bytes failed: Only part of a ReadProcessMemory or WriteProcessMemory request was completed. (0x12B)
[0910/124302.987:WARNING:pe_image_reader.cc(340)] could not read dos header from C:\WINDOWS\System32\powrprof.dll
[0910/124302.987:ERROR:process_memory_win.cc(73)] ReadMemory at 0x7fffdbfe0000 of 64 bytes failed: Only part of a ReadProcessMemory or WriteProcessMemory request was completed. (0x12B)
[0910/124302.987:WARNING:pe_image_reader.cc(340)] could not read dos header from C:\WINDOWS\System32\UMPDC.dll
[0910/124302.987:ERROR:process_memory_win.cc(73)] ReadMemory at 0x7fffde420000 of 64 bytes failed: Only part of a ReadProcessMemory or WriteProcessMemory request was completed. (0x12B)
[0910/124302.987:WARNING:pe_image_reader.cc(340)] could not read dos header from C:\WINDOWS\System32\shlwapi.dll
[0910/124302.987:ERROR:process_memory_win.cc(73)] ReadMemory at 0x7fffde490000 of 64 bytes failed: Only part of a ReadProcessMemory or WriteProcessMemory request was completed. (0x12B)
[0910/124302.987:WARNING:pe_image_reader.cc(340)] could not read dos header from C:\WINDOWS\System32\GDI32.dll
[0910/124302.987:ERROR:process_memory_win.cc(73)] ReadMemory at 0x7fffdc200000 of 64 bytes failed: Only part of a ReadProcessMemory or WriteProcessMemory request was completed. (0x12B)
[0910/124302.987:WARNING:pe_image_reader.cc(340)] could not read dos header from C:\WINDOWS\System32\win32u.dll
[0910/124302.987:ERROR:process_memory_win.cc(73)] ReadMemory at 0x7fffdc4e0000 of 64 bytes failed: Only part of a ReadProcessMemory or WriteProcessMemory request was completed. (0x12B)
[0910/124302.987:WARNING:pe_image_reader.cc(340)] could not read dos header from C:\WINDOWS\System32\gdi32full.dll
[0910/124302.987:ERROR:process_memory_win.cc(73)] ReadMemory at 0x7fffde660000 of 64 bytes failed: Only part of a ReadProcessMemory or WriteProcessMemory request was completed. (0x12B)
[0910/124302.987:WARNING:pe_image_reader.cc(340)] could not read dos header from C:\WINDOWS\System32\USER32.dll
[0910/124302.987:ERROR:process_memory_win.cc(73)] ReadMemory at 0x7fffdcf00000 of 64 bytes failed: Only part of a ReadProcessMemory or WriteProcessMemory request was completed. (0x12B)
[0910/124302.987:WARNING:pe_image_reader.cc(340)] could not read dos header from C:\WINDOWS\System32\cryptsp.dll
[0910/124302.987:ERROR:process_memory_win.cc(73)] ReadMemory at 0x1e981540000 of 64 bytes failed: Only part of a ReadProcessMemory or WriteProcessMemory request was completed. (0x12B)
[0910/124302.987:WARNING:pe_image_reader.cc(340)] could not read dos header from C:\WINDOWS\System32\IMM32.DLL
[0910/124302.987:ERROR:process_memory_win.cc(73)] ReadMemory at 0x7fffdba00000 of 64 bytes failed: Only part of a ReadProcessMemory or WriteProcessMemory request was completed. (0x12B)
[0910/124302.987:WARNING:pe_image_reader.cc(340)] could not read dos header from C:\WINDOWS\SYSTEM32\CRYPTBASE.DLL
[0910/124302.992:ERROR:process_memory_win.cc(73)] ReadMemory at 0x7ff6af160000 of 64 bytes failed: Only part of a ReadProcessMemory or WriteProcessMemory request was completed. (0x12B)
[0910/124302.992:WARNING:pe_image_reader.cc(340)] could not read dos header from C:\Program Files (x86)\Google\Chrome\Application\chrome.exe
[0910/124302.992:ERROR:process_memory_win.cc(73)] ReadMemory at 0x7fffdf120000 of 64 bytes failed: Only part of a ReadProcessMemory or WriteProcessMemory request was completed. (0x12B)
[0910/124302.992:WARNING:pe_image_reader.cc(340)] could not read dos header from C:\WINDOWS\SYSTEM32\ntdll.dll
[0910/124302.992:ERROR:process_memory_win.cc(73)] ReadMemory at 0x7fffdd270000 of 64 bytes failed: Only part of a ReadProcessMemory or WriteProcessMemory request was completed. (0x12B)
[0910/124302.992:WARNING:pe_image_reader.cc(340)] could not read dos header from C:\WINDOWS\System32\KERNEL32.DLL
[0910/124302.992:ERROR:process_memory_win.cc(73)] ReadMemory at 0x7fffdc230000 of 64 bytes failed: Only part of a ReadProcessMemory or WriteProcessMemory request was completed. (0x12B)
[0910/124302.992:WARNING:pe_image_reader.cc(340)] could not read dos header from C:\WINDOWS\System32\KERNELBASE.dll
[0910/124302.992:ERROR:process_memory_win.cc(73)] ReadMemory at 0x7fff94860000 of 64 bytes failed: Only part of a ReadProcessMemory or WriteProcessMemory request was completed. (0x12B)
[0910/124302.992:WARNING:pe_image_reader.cc(340)] could not read dos header from C:\Program Files (x86)\Google\Chrome\Application\85.0.4183.102\chrome_elf.dll
[0910/124302.992:ERROR:process_memory_win.cc(73)] ReadMemory at 0x7fffd6cf0000 of 64 bytes failed: Only part of a ReadProcessMemory or WriteProcessMemory request was completed. (0x12B)
[0910/124302.992:WARNING:pe_image_reader.cc(340)] could not read dos header from C:\WINDOWS\SYSTEM32\VERSION.dll
[0910/124302.992:ERROR:process_memory_win.cc(73)] ReadMemory at 0x1e9fc730000 of 64 bytes failed: Only part of a ReadProcessMemory or WriteProcessMemory request was completed. (0x12B)
[0910/124302.992:WARNING:pe_image_reader.cc(340)] could not read dos header from C:\WINDOWS\System32\msvcrt.dll
[0910/124302.992:ERROR:process_memory_win.cc(73)] ReadMemory at 0x7fffdc6b0000 of 64 bytes failed: Only part of a ReadProcessMemory or WriteProcessMemory request was completed. (0x12B)
[0910/124302.992:WARNING:pe_image_reader.cc(340)] could not read dos header from C:\WINDOWS\System32\bcryptPrimitives.dll
[0910/124302.992:ERROR:process_memory_win.cc(73)] ReadMemory at 0x7fffde370000 of 64 bytes failed: Only part of a ReadProcessMemory or WriteProcessMemory request was completed. (0x12B)
[0910/124302.992:WARNING:pe_image_reader.cc(340)] could not read dos header from C:\WINDOWS\System32\ADVAPI32.dll
[0910/124302.992:ERROR:process_memory_win.cc(73)] ReadMemory at 0x7fffdd1d0000 of 64 bytes failed: Only part of a ReadProcessMemory or WriteProcessMemory request was completed. (0x12B)
[0910/124302.992:WARNING:pe_image_reader.cc(340)] could not read dos header from C:\WINDOWS\System32\sechost.dll
[0910/124302.992:ERROR:process_memory_win.cc(73)] ReadMemory at 0x7fffde250000 of 64 bytes failed: Only part of a ReadProcessMemory or WriteProcessMemory request was completed. (0x12B)
[0910/124302.992:WARNING:pe_image_reader.cc(340)] could not read dos header from C:\WINDOWS\System32\RPCRT4.dll
[0910/124302.992:ERROR:process_memory_win.cc(73)] ReadMemory at 0x7fff950b0000 of 64 bytes failed: Only part of a ReadProcessMemory or WriteProcessMemory request was completed. (0x12B)
[0910/124302.992:WARNING:pe_image_reader.cc(340)] could not read dos header from C:\Program Files (x86)\Google\Chrome\Application\85.0.4183.102\chrome.dll
[0910/124302.992:ERROR:process_memory_win.cc(73)] ReadMemory at 0x7fffdf070000 of 64 bytes failed: Only part of a ReadProcessMemory or WriteProcessMemory request was completed. (0x12B)
[0910/124302.992:WARNING:pe_image_reader.cc(340)] could not read dos header from C:\WINDOWS\System32\WS2_32.dll
[0910/124302.992:ERROR:process_memory_win.cc(73)] ReadMemory at 0x7fffde4c0000 of 64 bytes failed: Only part of a ReadProcessMemory or WriteProcessMemory request was completed. (0x12B)
[0910/124302.992:WARNING:pe_image_reader.cc(340)] could not read dos header from C:\WINDOWS\System32\OLEAUT32.dll
[0910/124302.992:ERROR:process_memory_win.cc(73)] ReadMemory at 0x7fffdd020000 of 64 bytes failed: Only part of a ReadProcessMemory or WriteProcessMemory request was completed. (0x12B)
[0910/124302.992:WARNING:pe_image_reader.cc(340)] could not read dos header from C:\WINDOWS\System32\msvcp_win.dll
[0910/124302.992:ERROR:process_memory_win.cc(73)] ReadMemory at 0x7fffdcf20000 of 64 bytes failed: Only part of a ReadProcessMemory or WriteProcessMemory request was completed. (0x12B)
[0910/124302.992:WARNING:pe_image_reader.cc(340)] could not read dos header from C:\WINDOWS\System32\ucrtbase.dll
[0910/124302.993:ERROR:process_memory_win.cc(73)] ReadMemory at 0x7fffdd3d0000 of 64 bytes failed: Only part of a ReadProcessMemory or WriteProcessMemory request was completed. (0x12B)
[0910/124302.993:WARNING:pe_image_reader.cc(340)] could not read dos header from C:\WINDOWS\System32\combase.dll
[0910/124302.993:ERROR:process_memory_win.cc(73)] ReadMemory at 0x7fffdd0c0000 of 64 bytes failed: Only part of a ReadProcessMemory or WriteProcessMemory request was completed. (0x12B)
[0910/124302.993:WARNING:pe_image_reader.cc(340)] could not read dos header from C:\WINDOWS\System32\WINTRUST.dll
[0910/124302.993:ERROR:process_memory_win.cc(73)] ReadMemory at 0x7fffdc070000 of 64 bytes failed: Only part of a ReadProcessMemory or WriteProcessMemory request was completed. (0x12B)
[0910/124302.993:WARNING:pe_image_reader.cc(340)] could not read dos header from C:\WINDOWS\System32\MSASN1.dll
[0910/124302.993:ERROR:process_memory_win.cc(73)] ReadMemory at 0x7fffdc0b0000 of 64 bytes failed: Only part of a ReadProcessMemory or WriteProcessMemory request was completed. (0x12B)
[0910/124302.993:WARNING:pe_image_reader.cc(340)] could not read dos header from C:\WINDOWS\System32\CRYPT32.dll
[0910/124302.993:ERROR:process_memory_win.cc(73)] ReadMemory at 0x7fffdb540000 of 64 bytes failed: Only part of a ReadProcessMemory or WriteProcessMemory request was completed. (0x12B)
[0910/124302.993:WARNING:pe_image_reader.cc(340)] could not read dos header from C:\WINDOWS\SYSTEM32\IPHLPAPI.DLL
[0910/124302.993:ERROR:process_memory_win.cc(73)] ReadMemory at 0x7fffceff0000 of 64 bytes failed: Only part of a ReadProcessMemory or WriteProcessMemory request was completed. (0x12B)
[0910/124302.993:WARNING:pe_image_reader.cc(340)] could not read dos header from C:\WINDOWS\SYSTEM32\WINMM.dll
[0910/124302.993:ERROR:process_memory_win.cc(73)] ReadMemory at 0x7fffb1530000 of 64 bytes failed: Only part of a ReadProcessMemory or WriteProcessMemory request was completed. (0x12B)
[0910/124302.993:WARNING:pe_image_reader.cc(340)] could not read dos header from C:\WINDOWS\SYSTEM32\UIAutomationCore.DLL
[0910/124302.993:ERROR:process_memory_win.cc(73)] ReadMemory at 0x7fffca960000 of 64 bytes failed: Only part of a ReadProcessMemory or WriteProcessMemory request was completed. (0x12B)
[0910/124302.993:WARNING:pe_image_reader.cc(340)] could not read dos header from C:\WINDOWS\SYSTEM32\Secur32.dll
[0910/124302.993:ERROR:process_memory_win.cc(73)] ReadMemory at 0x7fffdbf00000 of 64 bytes failed: Only part of a ReadProcessMemory or WriteProcessMemory request was completed. (0x12B)
[0910/124302.993:WARNING:pe_image_reader.cc(340)] could not read dos header from C:\WINDOWS\SYSTEM32\USERENV.dll
[0910/124302.993:ERROR:process_memory_win.cc(73)] ReadMemory at 0x7fffdbff0000 of 64 bytes failed: Only part of a ReadProcessMemory or WriteProcessMemory request was completed. (0x12B)
[0910/124302.993:WARNING:pe_image_reader.cc(340)] could not read dos header from C:\WINDOWS\System32\profapi.dll
[0910/124302.993:ERROR:process_memory_win.cc(73)] ReadMemory at 0x7fffc0b60000 of 64 bytes failed: Only part of a ReadProcessMemory or WriteProcessMemory request was completed. (0x12B)
[0910/124302.993:WARNING:pe_image_reader.cc(340)] could not read dos header from C:\WINDOWS\SYSTEM32\DWrite.dll
[0910/124302.993:ERROR:process_memory_win.cc(73)] ReadMemory at 0x7fffc5b30000 of 64 bytes failed: Only part of a ReadProcessMemory or WriteProcessMemory request was completed. (0x12B)
[0910/124302.993:WARNING:pe_image_reader.cc(340)] could not read dos header from C:\WINDOWS\SYSTEM32\WINSPOOL.DRV
[0910/124302.993:ERROR:process_memory_win.cc(73)] ReadMemory at 0x7fffdc090000 of 64 bytes failed: Only part of a ReadProcessMemory or WriteProcessMemory request was completed. (0x12B)
[0910/124302.993:WARNING:pe_image_reader.cc(340)] could not read dos header from C:\WINDOWS\System32\kernel.appcore.dll
[0910/124302.993:ERROR:process_memory_win.cc(73)] ReadMemory at 0x7fffdc680000 of 64 bytes failed: Only part of a ReadProcessMemory or WriteProcessMemory request was completed. (0x12B)
[0910/124302.993:WARNING:pe_image_reader.cc(340)] could not read dos header from C:\WINDOWS\System32\bcrypt.dll
[0910/124302.993:ERROR:process_memory_win.cc(73)] ReadMemory at 0x7fffda820000 of 64 bytes failed: Only part of a ReadProcessMemory or WriteProcessMemory request was completed. (0x12B)
[0910/124302.993:WARNING:pe_image_reader.cc(340)] could not read dos header from C:\WINDOWS\SYSTEM32\dbghelp.dll
[0910/124302.993:ERROR:process_memory_win.cc(73)] ReadMemory at 0x7fffcf300000 of 64 bytes failed: Only part of a ReadProcessMemory or WriteProcessMemory request was completed. (0x12B)
[0910/124302.993:WARNING:pe_image_reader.cc(340)] could not read dos header from C:\WINDOWS\SYSTEM32\WINHTTP.dll
[0910/124302.993:ERROR:process_memory_win.cc(73)] ReadMemory at 0x7fffd1590000 of 64 bytes failed: Only part of a ReadProcessMemory or WriteProcessMemory request was completed. (0x12B)
[0910/124302.993:WARNING:pe_image_reader.cc(340)] could not read dos header from C:\WINDOWS\SYSTEM32\dhcpcsvc.DLL
[0910/124302.993:ERROR:process_memory_win.cc(73)] ReadMemory at 0x7fffde240000 of 64 bytes failed: Only part of a ReadProcessMemory or WriteProcessMemory request was completed. (0x12B)
[0910/124302.993:WARNING:pe_image_reader.cc(340)] could not read dos header from C:\WINDOWS\System32\NSI.dll
[0910/124302.993:ERROR:process_memory_win.cc(73)] ReadMemory at 0x7fffcd980000 of 64 bytes failed: Only part of a ReadProcessMemory or WriteProcessMemory request was completed. (0x12B)
[0910/124302.993:WARNING:pe_image_reader.cc(340)] could not read dos header from C:\WINDOWS\SYSTEM32\WINMMBASE.dll
[0910/124302.993:ERROR:process_memory_win.cc(73)] ReadMemory at 0x7fffdc730000 of 64 bytes failed: Only part of a ReadProcessMemory or WriteProcessMemory request was completed. (0x12B)
[0910/124302.993:WARNING:pe_image_reader.cc(340)] could not read dos header from C:\WINDOWS\System32\cfgmgr32.dll
[0910/124302.993:ERROR:process_memory_win.cc(73)] ReadMemory at 0x7fffd8650000 of 64 bytes failed: Only part of a ReadProcessMemory or WriteProcessMemory request was completed. (0x12B)
[0910/124302.993:WARNING:pe_image_reader.cc(340)] could not read dos header from C:\WINDOWS\SYSTEM32\PROPSYS.dll
[0910/124302.993:ERROR:process_memory_win.cc(73)] ReadMemory at 0x7fffdde60000 of 64 bytes failed: Only part of a ReadProcessMemory or WriteProcessMemory request was completed. (0x12B)
[0910/124302.993:WARNING:pe_image_reader.cc(340)] could not read dos header from C:\WINDOWS\System32\shcore.dll
[0910/124302.993:ERROR:process_memory_win.cc(73)] ReadMemory at 0x7fffdbec0000 of 64 bytes failed: Only part of a ReadProcessMemory or WriteProcessMemory request was completed. (0x12B)
[0910/124302.994:WARNING:pe_image_reader.cc(340)] could not read dos header from C:\WINDOWS\SYSTEM32\SSPICLI.DLL
[0910/124302.994:ERROR:process_memory_win.cc(73)] ReadMemory at 0x7fffdd770000 of 64 bytes failed: Only part of a ReadProcessMemory or WriteProcessMemory request was completed. (0x12B)
[0910/124302.994:WARNING:pe_image_reader.cc(340)] could not read dos header from C:\WINDOWS\System32\SHELL32.dll
[0910/124302.994:ERROR:process_memory_win.cc(73)] ReadMemory at 0x7fffdc780000 of 64 bytes failed: Only part of a ReadProcessMemory or WriteProcessMemory request was completed. (0x12B)
[0910/124302.994:WARNING:pe_image_reader.cc(340)] could not read dos header from C:\WINDOWS\System32\windows.storage.dll
[0910/124302.994:ERROR:process_memory_win.cc(73)] ReadMemory at 0x7fffdc020000 of 64 bytes failed: Only part of a ReadProcessMemory or WriteProcessMemory request was completed. (0x12B)
[0910/124302.994:WARNING:pe_image_reader.cc(340)] could not read dos header from C:\WINDOWS\System32\powrprof.dll
[0910/124302.994:ERROR:process_memory_win.cc(73)] ReadMemory at 0x7fffdbfe0000 of 64 bytes failed: Only part of a ReadProcessMemory or WriteProcessMemory request was completed. (0x12B)
[0910/124302.994:WARNING:pe_image_reader.cc(340)] could not read dos header from C:\WINDOWS\System32\UMPDC.dll
[0910/124302.994:ERROR:process_memory_win.cc(73)] ReadMemory at 0x7fffde420000 of 64 bytes failed: Only part of a ReadProcessMemory or WriteProcessMemory request was completed. (0x12B)
[0910/124302.994:WARNING:pe_image_reader.cc(340)] could not read dos header from C:\WINDOWS\System32\shlwapi.dll
[0910/124302.994:ERROR:process_memory_win.cc(73)] ReadMemory at 0x7fffde490000 of 64 bytes failed: Only part of a ReadProcessMemory or WriteProcessMemory request was completed. (0x12B)
[0910/124302.994:WARNING:pe_image_reader.cc(340)] could not read dos header from C:\WINDOWS\System32\GDI32.dll
[0910/124302.994:ERROR:process_memory_win.cc(73)] ReadMemory at 0x7fffdc200000 of 64 bytes failed: Only part of a ReadProcessMemory or WriteProcessMemory request was completed. (0x12B)
[0910/124302.994:WARNING:pe_image_reader.cc(340)] could not read dos header from C:\WINDOWS\System32\win32u.dll
[0910/124302.994:ERROR:process_memory_win.cc(73)] ReadMemory at 0x7fffdc4e0000 of 64 bytes failed: Only part of a ReadProcessMemory or WriteProcessMemory request was completed. (0x12B)
[0910/124302.994:WARNING:pe_image_reader.cc(340)] could not read dos header from C:\WINDOWS\System32\gdi32full.dll
[0910/124302.994:ERROR:process_memory_win.cc(73)] ReadMemory at 0x7fffde660000 of 64 bytes failed: Only part of a ReadProcessMemory or WriteProcessMemory request was completed. (0x12B)
[0910/124302.994:WARNING:pe_image_reader.cc(340)] could not read dos header from C:\WINDOWS\System32\USER32.dll
[0910/124302.994:ERROR:process_memory_win.cc(73)] ReadMemory at 0x7fffdcf00000 of 64 bytes failed: Only part of a ReadProcessMemory or WriteProcessMemory request was completed. (0x12B)
[0910/124302.994:WARNING:pe_image_reader.cc(340)] could not read dos header from C:\WINDOWS\System32\cryptsp.dll
[0910/124302.994:ERROR:process_memory_win.cc(73)] ReadMemory at 0x1e981540000 of 64 bytes failed: Only part of a ReadProcessMemory or WriteProcessMemory request was completed. (0x12B)
[0910/124302.994:WARNING:pe_image_reader.cc(340)] could not read dos header from C:\WINDOWS\System32\IMM32.DLL
[0910/124302.994:ERROR:process_memory_win.cc(73)] ReadMemory at 0x7fffdba00000 of 64 bytes failed: Only part of a ReadProcessMemory or WriteProcessMemory request was completed. (0x12B)
[0910/124302.994:WARNING:pe_image_reader.cc(340)] could not read dos header from C:\WINDOWS\SYSTEM32\CRYPTBASE.DLL
[0910/124302.994:ERROR:process_memory_win.cc(73)] ReadMemory at 0x7ff6af160000 of 64 bytes failed: Only part of a ReadProcessMemory or WriteProcessMemory request was completed. (0x12B)
[0910/124302.994:WARNING:pe_image_reader.cc(340)] could not read dos header from C:\Program Files (x86)\Google\Chrome\Application\chrome.exe
[0910/124302.994:ERROR:process_memory_win.cc(73)] ReadMemory at 0x7fffdf120000 of 64 bytes failed: Only part of a ReadProcessMemory or WriteProcessMemory request was completed. (0x12B)
[0910/124302.994:WARNING:pe_image_reader.cc(340)] could not read dos header from C:\WINDOWS\SYSTEM32\ntdll.dll
[0910/124302.994:ERROR:process_memory_win.cc(73)] ReadMemory at 0x7fffdd270000 of 64 bytes failed: Only part of a ReadProcessMemory or WriteProcessMemory request was completed. (0x12B)
[0910/124302.994:WARNING:pe_image_reader.cc(340)] could not read dos header from C:\WINDOWS\System32\KERNEL32.DLL
[0910/124302.994:ERROR:process_memory_win.cc(73)] ReadMemory at 0x7fffdc230000 of 64 bytes failed: Only part of a ReadProcessMemory or WriteProcessMemory request was completed. (0x12B)
[0910/124302.994:WARNING:pe_image_reader.cc(340)] could not read dos header from C:\WINDOWS\System32\KERNELBASE.dll
[0910/124302.994:ERROR:process_memory_win.cc(73)] ReadMemory at 0x7fff94860000 of 64 bytes failed: Only part of a ReadProcessMemory or WriteProcessMemory request was completed. (0x12B)
[0910/124302.994:WARNING:pe_image_reader.cc(340)] could not read dos header from C:\Program Files (x86)\Google\Chrome\Application\85.0.4183.102\chrome_elf.dll
[0910/124302.994:ERROR:process_memory_win.cc(73)] ReadMemory at 0x7fffd6cf0000 of 64 bytes failed: Only part of a ReadProcessMemory or WriteProcessMemory request was completed. (0x12B)
[0910/124302.994:WARNING:pe_image_reader.cc(340)] could not read dos header from C:\WINDOWS\SYSTEM32\VERSION.dll
[0910/124302.994:ERROR:process_memory_win.cc(73)] ReadMemory at 0x1e9fc730000 of 64 bytes failed: Only part of a ReadProcessMemory or WriteProcessMemory request was completed. (0x12B)
[0910/124302.994:WARNING:pe_image_reader.cc(340)] could not read dos header from C:\WINDOWS\System32\msvcrt.dll
[0910/124302.994:ERROR:process_memory_win.cc(73)] ReadMemory at 0x7fffdc6b0000 of 64 bytes failed: Only part of a ReadProcessMemory or WriteProcessMemory request was completed. (0x12B)
[0910/124302.994:WARNING:pe_image_reader.cc(340)] could not read dos header from C:\WINDOWS\System32\bcryptPrimitives.dll
[0910/124302.994:ERROR:process_memory_win.cc(73)] ReadMemory at 0x7fffde370000 of 64 bytes failed: Only part of a ReadProcessMemory or WriteProcessMemory request was completed. (0x12B)
[0910/124302.994:WARNING:pe_image_reader.cc(340)] could not read dos header from C:\WINDOWS\System32\ADVAPI32.dll
[0910/124302.995:ERROR:process_memory_win.cc(73)] ReadMemory at 0x7fffdd1d0000 of 64 bytes failed: Only part of a ReadProcessMemory or WriteProcessMemory request was completed. (0x12B)
[0910/124302.995:WARNING:pe_image_reader.cc(340)] could not read dos header from C:\WINDOWS\System32\sechost.dll
[0910/124302.995:ERROR:process_memory_win.cc(73)] ReadMemory at 0x7fffde250000 of 64 bytes failed: Only part of a ReadProcessMemory or WriteProcessMemory request was completed. (0x12B)
[0910/124302.995:WARNING:pe_image_reader.cc(340)] could not read dos header from C:\WINDOWS\System32\RPCRT4.dll
[0910/124302.995:ERROR:process_memory_win.cc(73)] ReadMemory at 0x7fff950b0000 of 64 bytes failed: Only part of a ReadProcessMemory or WriteProcessMemory request was completed. (0x12B)
[0910/124302.995:WARNING:pe_image_reader.cc(340)] could not read dos header from C:\Program Files (x86)\Google\Chrome\Application\85.0.4183.102\chrome.dll
[0910/124302.995:ERROR:process_memory_win.cc(73)] ReadMemory at 0x7fffdf070000 of 64 bytes failed: Only part of a ReadProcessMemory or WriteProcessMemory request was completed. (0x12B)
[0910/124302.995:WARNING:pe_image_reader.cc(340)] could not read dos header from C:\WINDOWS\System32\WS2_32.dll
[0910/124302.995:ERROR:process_memory_win.cc(73)] ReadMemory at 0x7fffde4c0000 of 64 bytes failed: Only part of a ReadProcessMemory or WriteProcessMemory request was completed. (0x12B)
[0910/124302.995:WARNING:pe_image_reader.cc(340)] could not read dos header from C:\WINDOWS\System32\OLEAUT32.dll
[0910/124302.995:ERROR:process_memory_win.cc(73)] ReadMemory at 0x7fffdd020000 of 64 bytes failed: Only part of a ReadProcessMemory or WriteProcessMemory request was completed. (0x12B)
[0910/124302.995:WARNING:pe_image_reader.cc(340)] could not read dos header from C:\WINDOWS\System32\msvcp_win.dll
[0910/124302.995:ERROR:process_memory_win.cc(73)] ReadMemory at 0x7fffdcf20000 of 64 bytes failed: Only part of a ReadProcessMemory or WriteProcessMemory request was completed. (0x12B)
[0910/124302.995:WARNING:pe_image_reader.cc(340)] could not read dos header from C:\WINDOWS\System32\ucrtbase.dll
[0910/124302.995:ERROR:process_memory_win.cc(73)] ReadMemory at 0x7fffdd3d0000 of 64 bytes failed: Only part of a ReadProcessMemory or WriteProcessMemory request was completed. (0x12B)
[0910/124302.995:WARNING:pe_image_reader.cc(340)] could not read dos header from C:\WINDOWS\System32\combase.dll
[0910/124302.995:ERROR:process_memory_win.cc(73)] ReadMemory at 0x7fffdd0c0000 of 64 bytes failed: Only part of a ReadProcessMemory or WriteProcessMemory request was completed. (0x12B)
[0910/124302.995:WARNING:pe_image_reader.cc(340)] could not read dos header from C:\WINDOWS\System32\WINTRUST.dll
[0910/124302.995:ERROR:process_memory_win.cc(73)] ReadMemory at 0x7fffdc070000 of 64 bytes failed: Only part of a ReadProcessMemory or WriteProcessMemory request was completed. (0x12B)
[0910/124302.995:WARNING:pe_image_reader.cc(340)] could not read dos header from C:\WINDOWS\System32\MSASN1.dll
[0910/124302.995:ERROR:process_memory_win.cc(73)] ReadMemory at 0x7fffdc0b0000 of 64 bytes failed: Only part of a ReadProcessMemory or WriteProcessMemory request was completed. (0x12B)
[0910/124302.995:WARNING:pe_image_reader.cc(340)] could not read dos header from C:\WINDOWS\System32\CRYPT32.dll
[0910/124302.995:ERROR:process_memory_win.cc(73)] ReadMemory at 0x7fffdb540000 of 64 bytes failed: Only part of a ReadProcessMemory or WriteProcessMemory request was completed. (0x12B)
[0910/124302.995:WARNING:pe_image_reader.cc(340)] could not read dos header from C:\WINDOWS\SYSTEM32\IPHLPAPI.DLL
[0910/124302.995:ERROR:process_memory_win.cc(73)] ReadMemory at 0x7fffceff0000 of 64 bytes failed: Only part of a ReadProcessMemory or WriteProcessMemory request was completed. (0x12B)
[0910/124302.995:WARNING:pe_image_reader.cc(340)] could not read dos header from C:\WINDOWS\SYSTEM32\WINMM.dll
[0910/124302.995:ERROR:process_memory_win.cc(73)] ReadMemory at 0x7fffb1530000 of 64 bytes failed: Only part of a ReadProcessMemory or WriteProcessMemory request was completed. (0x12B)
[0910/124302.995:WARNING:pe_image_reader.cc(340)] could not read dos header from C:\WINDOWS\SYSTEM32\UIAutomationCore.DLL
[0910/124302.995:ERROR:process_memory_win.cc(73)] ReadMemory at 0x7fffca960000 of 64 bytes failed: Only part of a ReadProcessMemory or WriteProcessMemory request was completed. (0x12B)
[0910/124302.995:WARNING:pe_image_reader.cc(340)] could not read dos header from C:\WINDOWS\SYSTEM32\Secur32.dll
[0910/124302.995:ERROR:process_memory_win.cc(73)] ReadMemory at 0x7fffdbf00000 of 64 bytes failed: Only part of a ReadProcessMemory or WriteProcessMemory request was completed. (0x12B)
[0910/124302.995:WARNING:pe_image_reader.cc(340)] could not read dos header from C:\WINDOWS\SYSTEM32\USERENV.dll
[0910/124302.995:ERROR:process_memory_win.cc(73)] ReadMemory at 0x7fffdbff0000 of 64 bytes failed: Only part of a ReadProcessMemory or WriteProcessMemory request was completed. (0x12B)
[0910/124302.995:WARNING:pe_image_reader.cc(340)] could not read dos header from C:\WINDOWS\System32\profapi.dll
[0910/124302.995:ERROR:process_memory_win.cc(73)] ReadMemory at 0x7fffc0b60000 of 64 bytes failed: Only part of a ReadProcessMemory or WriteProcessMemory request was completed. (0x12B)
[0910/124302.995:WARNING:pe_image_reader.cc(340)] could not read dos header from C:\WINDOWS\SYSTEM32\DWrite.dll
[0910/124302.995:ERROR:process_memory_win.cc(73)] ReadMemory at 0x7fffc5b30000 of 64 bytes failed: Only part of a ReadProcessMemory or WriteProcessMemory request was completed. (0x12B)
[0910/124302.995:WARNING:pe_image_reader.cc(340)] could not read dos header from C:\WINDOWS\SYSTEM32\WINSPOOL.DRV
[0910/124302.995:ERROR:process_memory_win.cc(73)] ReadMemory at 0x7fffdc090000 of 64 bytes failed: Only part of a ReadProcessMemory or WriteProcessMemory request was completed. (0x12B)
[0910/124302.995:WARNING:pe_image_reader.cc(340)] could not read dos header from C:\WINDOWS\System32\kernel.appcore.dll
[0910/124302.995:ERROR:process_memory_win.cc(73)] ReadMemory at 0x7fffdc680000 of 64 bytes failed: Only part of a ReadProcessMemory or WriteProcessMemory request was completed. (0x12B)
[0910/124302.995:WARNING:pe_image_reader.cc(340)] could not read dos header from C:\WINDOWS\System32\bcrypt.dll
[0910/124302.995:ERROR:process_memory_win.cc(73)] ReadMemory at 0x7fffda820000 of 64 bytes failed: Only part of a ReadProcessMemory or WriteProcessMemory request was completed. (0x12B)
[0910/124302.995:WARNING:pe_image_reader.cc(340)] could not read dos header from C:\WINDOWS\SYSTEM32\dbghelp.dll
[0910/124302.996:ERROR:process_memory_win.cc(73)] ReadMemory at 0x7fffcf300000 of 64 bytes failed: Only part of a ReadProcessMemory or WriteProcessMemory request was completed. (0x12B)
[0910/124302.996:WARNING:pe_image_reader.cc(340)] could not read dos header from C:\WINDOWS\SYSTEM32\WINHTTP.dll
[0910/124302.996:ERROR:process_memory_win.cc(73)] ReadMemory at 0x7fffd1590000 of 64 bytes failed: Only part of a ReadProcessMemory or WriteProcessMemory request was completed. (0x12B)
[0910/124302.996:WARNING:pe_image_reader.cc(340)] could not read dos header from C:\WINDOWS\SYSTEM32\dhcpcsvc.DLL
[0910/124302.996:ERROR:process_memory_win.cc(73)] ReadMemory at 0x7fffde240000 of 64 bytes failed: Only part of a ReadProcessMemory or WriteProcessMemory request was completed. (0x12B)
[0910/124302.996:WARNING:pe_image_reader.cc(340)] could not read dos header from C:\WINDOWS\System32\NSI.dll
[0910/124302.996:ERROR:process_memory_win.cc(73)] ReadMemory at 0x7fffcd980000 of 64 bytes failed: Only part of a ReadProcessMemory or WriteProcessMemory request was completed. (0x12B)
[0910/124302.996:WARNING:pe_image_reader.cc(340)] could not read dos header from C:\WINDOWS\SYSTEM32\WINMMBASE.dll
[0910/124302.996:ERROR:process_memory_win.cc(73)] ReadMemory at 0x7fffdc730000 of 64 bytes failed: Only part of a ReadProcessMemory or WriteProcessMemory request was completed. (0x12B)
[0910/124302.996:WARNING:pe_image_reader.cc(340)] could not read dos header from C:\WINDOWS\System32\cfgmgr32.dll
[0910/124302.996:ERROR:process_memory_win.cc(73)] ReadMemory at 0x7fffd8650000 of 64 bytes failed: Only part of a ReadProcessMemory or WriteProcessMemory request was completed. (0x12B)
[0910/124302.996:WARNING:pe_image_reader.cc(340)] could not read dos header from C:\WINDOWS\SYSTEM32\PROPSYS.dll
[0910/124302.996:ERROR:process_memory_win.cc(73)] ReadMemory at 0x7fffdde60000 of 64 bytes failed: Only part of a ReadProcessMemory or WriteProcessMemory request was completed. (0x12B)
[0910/124302.996:WARNING:pe_image_reader.cc(340)] could not read dos header from C:\WINDOWS\System32\shcore.dll
[0910/124302.996:ERROR:process_memory_win.cc(73)] ReadMemory at 0x7fffdbec0000 of 64 bytes failed: Only part of a ReadProcessMemory or WriteProcessMemory request was completed. (0x12B)
[0910/124302.996:WARNING:pe_image_reader.cc(340)] could not read dos header from C:\WINDOWS\SYSTEM32\SSPICLI.DLL
[0910/124302.996:ERROR:process_memory_win.cc(73)] ReadMemory at 0x7fffdd770000 of 64 bytes failed: Only part of a ReadProcessMemory or WriteProcessMemory request was completed. (0x12B)
[0910/124302.996:WARNING:pe_image_reader.cc(340)] could not read dos header from C:\WINDOWS\System32\SHELL32.dll
[0910/124302.996:ERROR:process_memory_win.cc(73)] ReadMemory at 0x7fffdc780000 of 64 bytes failed: Only part of a ReadProcessMemory or WriteProcessMemory request was completed. (0x12B)
[0910/124302.996:WARNING:pe_image_reader.cc(340)] could not read dos header from C:\WINDOWS\System32\windows.storage.dll
[0910/124302.996:ERROR:process_memory_win.cc(73)] ReadMemory at 0x7fffdc020000 of 64 bytes failed: Only part of a ReadProcessMemory or WriteProcessMemory request was completed. (0x12B)
[0910/124302.996:WARNING:pe_image_reader.cc(340)] could not read dos header from C:\WINDOWS\System32\powrprof.dll
[0910/124302.996:ERROR:process_memory_win.cc(73)] ReadMemory at 0x7fffdbfe0000 of 64 bytes failed: Only part of a ReadProcessMemory or WriteProcessMemory request was completed. (0x12B)
[0910/124302.996:WARNING:pe_image_reader.cc(340)] could not read dos header from C:\WINDOWS\System32\UMPDC.dll
[0910/124302.996:ERROR:process_memory_win.cc(73)] ReadMemory at 0x7fffde420000 of 64 bytes failed: Only part of a ReadProcessMemory or WriteProcessMemory request was completed. (0x12B)
[0910/124302.996:WARNING:pe_image_reader.cc(340)] could not read dos header from C:\WINDOWS\System32\shlwapi.dll
[0910/124302.996:ERROR:process_memory_win.cc(73)] ReadMemory at 0x7fffde490000 of 64 bytes failed: Only part of a ReadProcessMemory or WriteProcessMemory request was completed. (0x12B)
[0910/124302.996:WARNING:pe_image_reader.cc(340)] could not read dos header from C:\WINDOWS\System32\GDI32.dll
[0910/124302.996:ERROR:process_memory_win.cc(73)] ReadMemory at 0x7fffdc200000 of 64 bytes failed: Only part of a ReadProcessMemory or WriteProcessMemory request was completed. (0x12B)
[0910/124302.996:WARNING:pe_image_reader.cc(340)] could not read dos header from C:\WINDOWS\System32\win32u.dll
[0910/124302.996:ERROR:process_memory_win.cc(73)] ReadMemory at 0x7fffdc4e0000 of 64 bytes failed: Only part of a ReadProcessMemory or WriteProcessMemory request was completed. (0x12B)
[0910/124302.996:WARNING:pe_image_reader.cc(340)] could not read dos header from C:\WINDOWS\System32\gdi32full.dll
[0910/124302.996:ERROR:process_memory_win.cc(73)] ReadMemory at 0x7fffde660000 of 64 bytes failed: Only part of a ReadProcessMemory or WriteProcessMemory request was completed. (0x12B)
[0910/124302.996:WARNING:pe_image_reader.cc(340)] could not read dos header from C:\WINDOWS\System32\USER32.dll
[0910/124302.996:ERROR:process_memory_win.cc(73)] ReadMemory at 0x7fffdcf00000 of 64 bytes failed: Only part of a ReadProcessMemory or WriteProcessMemory request was completed. (0x12B)
[0910/124302.996:WARNING:pe_image_reader.cc(340)] could not read dos header from C:\WINDOWS\System32\cryptsp.dll
[0910/124302.996:ERROR:process_memory_win.cc(73)] ReadMemory at 0x1e981540000 of 64 bytes failed: Only part of a ReadProcessMemory or WriteProcessMemory request was completed. (0x12B)
[0910/124302.996:WARNING:pe_image_reader.cc(340)] could not read dos header from C:\WINDOWS\System32\IMM32.DLL
[0910/124302.996:ERROR:process_memory_win.cc(73)] ReadMemory at 0x7fffdba00000 of 64 bytes failed: Only part of a ReadProcessMemory or WriteProcessMemory request was completed. (0x12B)
[0910/124302.996:WARNING:pe_image_reader.cc(340)] could not read dos header from C:\WINDOWS\SYSTEM32\CRYPTBASE.DLL
[0910/124303.007:ERROR:process_memory_win.cc(73)] ReadMemory at 0x51415d8000 of 163840 bytes failed: Only part of a ReadProcessMemory or WriteProcessMemory request was completed. (0x12B)
[0910/124303.007:ERROR:process_memory_win.cc(73)] ReadMemory at 0x5141dfd000 of 12288 bytes failed: Only part of a ReadProcessMemory or WriteProcessMemory request was completed. (0x12B)
[0910/124303.007:ERROR:process_memory_win.cc(73)] ReadMemory at 0x51425fd000 of 12288 bytes failed: Only part of a ReadProcessMemory or WriteProcessMemory request was completed. (0x12B)
[0910/124303.007:ERROR:process_memory_win.cc(73)] ReadMemory at 0x5142dfc000 of 16384 bytes failed: Only part of a ReadProcessMemory or WriteProcessMemory request was completed. (0x12B)
[0910/124303.007:ERROR:process_memory_win.cc(73)] ReadMemory at 0x51435fc000 of 16384 bytes failed: Only part of a ReadProcessMemory or WriteProcessMemory request was completed. (0x12B)
[0910/124303.007:ERROR:process_memory_win.cc(73)] ReadMemory at 0x5143dff000 of 4096 bytes failed: Only part of a ReadProcessMemory or WriteProcessMemory request was completed. (0x12B)
[0910/124303.007:ERROR:process_memory_win.cc(73)] ReadMemory at 0x51445fd000 of 12288 bytes failed: Only part of a ReadProcessMemory or WriteProcessMemory request was completed. (0x12B)
[0910/124303.007:ERROR:process_memory_win.cc(73)] ReadMemory at 0x5144dfc000 of 16384 bytes failed: Only part of a ReadProcessMemory or WriteProcessMemory request was completed. (0x12B)
[0910/124303.007:ERROR:process_memory_win.cc(73)] ReadMemory at 0x51455fd000 of 12288 bytes failed: Only part of a ReadProcessMemory or WriteProcessMemory request was completed. (0x12B)
[0910/124303.007:ERROR:process_memory_win.cc(73)] ReadMemory at 0x5145dfd000 of 12288 bytes failed: Only part of a ReadProcessMemory or WriteProcessMemory request was completed. (0x12B)
[0910/124303.007:ERROR:process_memory_win.cc(73)] ReadMemory at 0x51465f5000 of 45056 bytes failed: Only part of a ReadProcessMemory or WriteProcessMemory request was completed. (0x12B)
[0910/124303.007:ERROR:process_memory_win.cc(73)] ReadMemory at 0x5146df6000 of 40960 bytes failed: Only part of a ReadProcessMemory or WriteProcessMemory request was completed. (0x12B)
[0910/124303.008:ERROR:process_memory_win.cc(73)] ReadMemory at 0x51475f7000 of 36864 bytes failed: Only part of a ReadProcessMemory or WriteProcessMemory request was completed. (0x12B)
[0910/124303.008:ERROR:process_memory_win.cc(73)] ReadMemory at 0x5147df8000 of 32768 bytes failed: Only part of a ReadProcessMemory or WriteProcessMemory request was completed. (0x12B)
[0910/124303.008:ERROR:process_memory_win.cc(73)] ReadMemory at 0x51485fd000 of 12288 bytes failed: Only part of a ReadProcessMemory or WriteProcessMemory request was completed. (0x12B)
[0910/124303.008:ERROR:process_memory_win.cc(73)] ReadMemory at 0x5148dfd000 of 12288 bytes failed: Only part of a ReadProcessMemory or WriteProcessMemory request was completed. (0x12B)
[0910/124303.008:ERROR:process_memory_win.cc(73)] ReadMemory at 0x51495fd000 of 12288 bytes failed: Only part of a ReadProcessMemory or WriteProcessMemory request was completed. (0x12B)
[0910/124303.008:ERROR:process_memory_win.cc(73)] ReadMemory at 0x5149dfd000 of 12288 bytes failed: Only part of a ReadProcessMemory or WriteProcessMemory request was completed. (0x12B)
[0910/124303.008:ERROR:process_memory_win.cc(73)] ReadMemory at 0x514a5fd000 of 12288 bytes failed: Only part of a ReadProcessMemory or WriteProcessMemory request was completed. (0x12B)
[0910/124303.008:ERROR:process_memory_win.cc(73)] ReadMemory at 0x514adfd000 of 12288 bytes failed: Only part of a ReadProcessMemory or WriteProcessMemory request was completed. (0x12B)
[0910/124303.008:ERROR:process_memory_win.cc(73)] ReadMemory at 0x514b5fd000 of 12288 bytes failed: Only part of a ReadProcessMemory or WriteProcessMemory request was completed. (0x12B)
[0910/124303.008:ERROR:process_memory_win.cc(73)] ReadMemory at 0x5140ced000 of 852 bytes failed: Only part of a ReadProcessMemory or WriteProcessMemory request was completed. (0x12B)
[0910/124303.008:ERROR:process_memory_win.cc(73)] ReadMemory at 0x5140cee000 of 6024 bytes failed: Only part of a ReadProcessMemory or WriteProcessMemory request was completed. (0x12B)
[0910/124303.008:ERROR:process_memory_win.cc(73)] ReadMemory at 0x5140cf0000 of 6024 bytes failed: Only part of a ReadProcessMemory or WriteProcessMemory request was completed. (0x12B)
[0910/124303.008:ERROR:process_memory_win.cc(73)] ReadMemory at 0x5140cf2000 of 6024 bytes failed: Only part of a ReadProcessMemory or WriteProcessMemory request was completed. (0x12B)
[0910/124303.008:ERROR:process_memory_win.cc(73)] ReadMemory at 0x5140cf4000 of 6024 bytes failed: Only part of a ReadProcessMemory or WriteProcessMemory request was completed. (0x12B)
[0910/124303.008:ERROR:process_memory_win.cc(73)] ReadMemory at 0x5140cf6000 of 6024 bytes failed: Only part of a ReadProcessMemory or WriteProcessMemory request was completed. (0x12B)
[0910/124303.009:ERROR:process_memory_win.cc(73)] ReadMemory at 0x5140cf8000 of 6024 bytes failed: Only part of a ReadProcessMemory or WriteProcessMemory request was completed. (0x12B)
[0910/124303.009:ERROR:process_memory_win.cc(73)] ReadMemory at 0x5140cfa000 of 6024 bytes failed: Only part of a ReadProcessMemory or WriteProcessMemory request was completed. (0x12B)
[0910/124303.009:ERROR:process_memory_win.cc(73)] ReadMemory at 0x5140cfc000 of 6024 bytes failed: Only part of a ReadProcessMemory or WriteProcessMemory request was completed. (0x12B)
[0910/124303.009:ERROR:process_memory_win.cc(73)] ReadMemory at 0x5140cfe000 of 6024 bytes failed: Only part of a ReadProcessMemory or WriteProcessMemory request was completed. (0x12B)
[0910/124303.009:ERROR:process_memory_win.cc(73)] ReadMemory at 0x5140d00000 of 6024 bytes failed: Only part of a ReadProcessMemory or WriteProcessMemory request was completed. (0x12B)
[0910/124303.009:ERROR:process_memory_win.cc(73)] ReadMemory at 0x5140d02000 of 6024 bytes failed: Only part of a ReadProcessMemory or WriteProcessMemory request was completed. (0x12B)
[0910/124303.009:ERROR:process_memory_win.cc(73)] ReadMemory at 0x5140d04000 of 6024 bytes failed: Only part of a ReadProcessMemory or WriteProcessMemory request was completed. (0x12B)
[0910/124303.009:ERROR:process_memory_win.cc(73)] ReadMemory at 0x5140d06000 of 6024 bytes failed: Only part of a ReadProcessMemory or WriteProcessMemory request was completed. (0x12B)
[0910/124303.009:ERROR:process_memory_win.cc(73)] ReadMemory at 0x5140d08000 of 6024 bytes failed: Only part of a ReadProcessMemory or WriteProcessMemory request was completed. (0x12B)
[0910/124303.009:ERROR:process_memory_win.cc(73)] ReadMemory at 0x5140d0a000 of 6024 bytes failed: Only part of a ReadProcessMemory or WriteProcessMemory request was completed. (0x12B)
[0910/124303.009:ERROR:process_memory_win.cc(73)] ReadMemory at 0x5140d0c000 of 6024 bytes failed: Only part of a ReadProcessMemory or WriteProcessMemory request was completed. (0x12B)
[0910/124303.009:ERROR:process_memory_win.cc(73)] ReadMemory at 0x5140d0e000 of 6024 bytes failed: Only part of a ReadProcessMemory or WriteProcessMemory request was completed. (0x12B)
[0910/124303.009:ERROR:process_memory_win.cc(73)] ReadMemory at 0x5140d10000 of 6024 bytes failed: Only part of a ReadProcessMemory or WriteProcessMemory request was completed. (0x12B)
[0910/124303.009:ERROR:process_memory_win.cc(73)] ReadMemory at 0x5140d12000 of 6024 bytes failed: Only part of a ReadProcessMemory or WriteProcessMemory request was completed. (0x12B)
[0910/124303.009:ERROR:process_memory_win.cc(73)] ReadMemory at 0x5140d14000 of 6024 bytes failed: Only part of a ReadProcessMemory or WriteProcessMemory request was completed. (0x12B)
[0910/124303.009:ERROR:process_memory_win.cc(73)] ReadMemory at 0x5140d16000 of 6024 bytes failed: Only part of a ReadProcessMemory or WriteProcessMemory request was completed. (0x12B)
[0910/124303.010:ERROR:process_memory_win.cc(73)] ReadMemory at 0x1e9816a0000 of 384 bytes failed: Only part of a ReadProcessMemory or WriteProcessMemory request was completed. (0x12B)
[0910/124303.010:ERROR:process_memory_win.cc(73)] ReadMemory at 0x1e9816ff824 of 702 bytes failed: Only part of a ReadProcessMemory or WriteProcessMemory request was completed. (0x12B)
[0910/124303.010:ERROR:process_memory_win.cc(73)] ReadMemory at 0x1e981705b60 of 512 bytes failed: Only part of a ReadProcessMemory or WriteProcessMemory request was completed. (0x12B)
[0910/124303.010:ERROR:process_memory_win.cc(73)] ReadMemory at 0x1e98177d220 of 512 bytes failed: Only part of a ReadProcessMemory or WriteProcessMemory request was completed. (0x12B)
[0910/124303.010:ERROR:process_memory_win.cc(73)] ReadMemory at 0x1e981793e08 of 512 bytes failed: Only part of a ReadProcessMemory or WriteProcessMemory request was completed. (0x12B)
[0910/124303.010:ERROR:process_memory_win.cc(73)] ReadMemory at 0x1e981ab6460 of 512 bytes failed: Only part of a ReadProcessMemory or WriteProcessMemory request was completed. (0x12B)
[0910/124303.010:ERROR:process_memory_win.cc(73)] ReadMemory at 0x1e981ab8d60 of 512 bytes failed: Only part of a ReadProcessMemory or WriteProcessMemory request was completed. (0x12B)
[0910/124303.010:ERROR:process_memory_win.cc(73)] ReadMemory at 0x1e981bac630 of 512 bytes failed: Only part of a ReadProcessMemory or WriteProcessMemory request was completed. (0x12B)
[0910/124303.010:ERROR:process_memory_win.cc(73)] ReadMemory at 0x1e981e6afc0 of 520 bytes failed: Only part of a ReadProcessMemory or WriteProcessMemory request was completed. (0x12B)
[0910/124303.010:ERROR:process_memory_win.cc(73)] ReadMemory at 0x1e98204eaa8 of 520 bytes failed: Only part of a ReadProcessMemory or WriteProcessMemory request was completed. (0x12B)
[0910/124303.010:ERROR:process_memory_win.cc(73)] ReadMemory at 0x1e983460130 of 512 bytes failed: Only part of a ReadProcessMemory or WriteProcessMemory request was completed. (0x12B)
[0910/124303.010:ERROR:process_memory_win.cc(73)] ReadMemory at 0x1e9837a7bc0 of 512 bytes failed: Only part of a ReadProcessMemory or WriteProcessMemory request was completed. (0x12B)
[0910/124303.010:ERROR:process_memory_win.cc(73)] ReadMemory at 0x1e9837a7ec0 of 512 bytes failed: Only part of a ReadProcessMemory or WriteProcessMemory request was completed. (0x12B)
[0910/124303.010:ERROR:process_memory_win.cc(73)] ReadMemory at 0x1e9837a8440 of 512 bytes failed: Only part of a ReadProcessMemory or WriteProcessMemory request was completed. (0x12B)
[0910/124303.010:ERROR:process_memory_win.cc(73)] ReadMemory at 0x1e9837a88c0 of 512 bytes failed: Only part of a ReadProcessMemory or WriteProcessMemory request was completed. (0x12B)
[0910/124303.010:ERROR:process_memory_win.cc(73)] ReadMemory at 0x1e9fc610000 of 384 bytes failed: Only part of a ReadProcessMemory or WriteProcessMemory request was completed. (0x12B)
[0910/124303.010:ERROR:process_memory_win.cc(73)] ReadMemory at 0x1e9fc610fe0 of 7042 bytes failed: Only part of a ReadProcessMemory or WriteProcessMemory request was completed. (0x12B)
[0910/124303.010:ERROR:process_memory_win.cc(73)] ReadMemory at 0x1e9fc612b70 of 1012 bytes failed: Only part of a ReadProcessMemory or WriteProcessMemory request was completed. (0x12B)
[0910/124303.010:ERROR:process_memory_win.cc(73)] ReadMemory at 0x1e9fc6131b8 of 118 bytes failed: Only part of a ReadProcessMemory or WriteProcessMemory request was completed. (0x12B)
[0910/124303.011:ERROR:process_memory_win.cc(73)] ReadMemory at 0x1e9fc613230 of 1190 bytes failed: Only part of a ReadProcessMemory or WriteProcessMemory request was completed. (0x12B)
[0910/124303.011:ERROR:process_memory_win.cc(73)] ReadMemory at 0x1e9fc6136d8 of 118 bytes failed: Only part of a ReadProcessMemory or WriteProcessMemory request was completed. (0x12B)
[0910/124303.011:ERROR:process_memory_win.cc(73)] ReadMemory at 0x1e9fc613750 of 96 bytes failed: Only part of a ReadProcessMemory or WriteProcessMemory request was completed. (0x12B)
[0910/124303.011:ERROR:process_memory_win.cc(73)] ReadMemory at 0x1e9fc6137c0 of 58 bytes failed: Only part of a ReadProcessMemory or WriteProcessMemory request was completed. (0x12B)
[0910/124303.011:ERROR:process_memory_win.cc(73)] ReadMemory at 0x1e9fc6138c0 of 132 bytes failed: Only part of a ReadProcessMemory or WriteProcessMemory request was completed. (0x12B)
[0910/124303.011:ERROR:process_memory_win.cc(73)] ReadMemory at 0x1e9fc613a50 of 132 bytes failed: Only part of a ReadProcessMemory or WriteProcessMemory request was completed. (0x12B)
[0910/124303.011:ERROR:process_memory_win.cc(73)] ReadMemory at 0x1e9fc613c10 of 126 bytes failed: Only part of a ReadProcessMemory or WriteProcessMemory request was completed. (0x12B)
[0910/124303.011:ERROR:process_memory_win.cc(73)] ReadMemory at 0x1e9fc613ff0 of 132 bytes failed: Only part of a ReadProcessMemory or WriteProcessMemory request was completed. (0x12B)
[0910/124303.011:ERROR:process_memory_win.cc(73)] ReadMemory at 0x1e9fc614180 of 64 bytes failed: Only part of a ReadProcessMemory or WriteProcessMemory request was completed. (0x12B)
[0910/124303.011:ERROR:process_memory_win.cc(73)] ReadMemory at 0x1e9fc614340 of 132 bytes failed: Only part of a ReadProcessMemory or WriteProcessMemory request was completed. (0x12B)
[0910/124303.011:ERROR:process_memory_win.cc(73)] ReadMemory at 0x1e9fc6145e0 of 132 bytes failed: Only part of a ReadProcessMemory or WriteProcessMemory request was completed. (0x12B)
[0910/124303.011:ERROR:process_memory_win.cc(73)] ReadMemory at 0x1e9fc614770 of 68 bytes failed: Only part of a ReadProcessMemory or WriteProcessMemory request was completed. (0x12B)
[0910/124303.011:ERROR:process_memory_win.cc(73)] ReadMemory at 0x1e9fc615910 of 132 bytes failed: Only part of a ReadProcessMemory or WriteProcessMemory request was completed. (0x12B)
[0910/124303.011:ERROR:process_memory_win.cc(73)] ReadMemory at 0x1e9fc615aa0 of 154 bytes failed: Only part of a ReadProcessMemory or WriteProcessMemory request was completed. (0x12B)
[0910/124303.011:ERROR:process_memory_win.cc(73)] ReadMemory at 0x1e9fc618730 of 62 bytes failed: Only part of a ReadProcessMemory or WriteProcessMemory request was completed. (0x12B)
[0910/124303.011:ERROR:process_memory_win.cc(73)] ReadMemory at 0x1e9fc618890 of 132 bytes failed: Only part of a ReadProcessMemory or WriteProcessMemory request was completed. (0x12B)
[0910/124303.011:ERROR:process_memory_win.cc(73)] ReadMemory at 0x1e9fc618a20 of 60 bytes failed: Only part of a ReadProcessMemory or WriteProcessMemory request was completed. (0x12B)
[0910/124303.011:ERROR:process_memory_win.cc(73)] ReadMemory at 0x1e9fc61ce80 of 54 bytes failed: Only part of a ReadProcessMemory or WriteProcessMemory request was completed. (0x12B)
[0910/124303.011:ERROR:process_memory_win.cc(73)] ReadMemory at 0x1e9fc6202c0 of 62 bytes failed: Only part of a ReadProcessMemory or WriteProcessMemory request was completed. (0x12B)
[0910/124303.011:ERROR:process_memory_win.cc(73)] ReadMemory at 0x1e9fc620d40 of 80 bytes failed: Only part of a ReadProcessMemory or WriteProcessMemory request was completed. (0x12B)
[0910/124303.012:ERROR:process_memory_win.cc(73)] ReadMemory at 0x1e9fc624910 of 132 bytes failed: Only part of a ReadProcessMemory or WriteProcessMemory request was completed. (0x12B)
[0910/124303.012:ERROR:process_memory_win.cc(73)] ReadMemory at 0x1e9fc624d90 of 132 bytes failed: Only part of a ReadProcessMemory or WriteProcessMemory request was completed. (0x12B)
[0910/124303.012:ERROR:process_memory_win.cc(73)] ReadMemory at 0x1e9fc625420 of 132 bytes failed: Only part of a ReadProcessMemory or WriteProcessMemory request was completed. (0x12B)
[0910/124303.012:ERROR:process_memory_win.cc(73)] ReadMemory at 0x1e9fc625550 of 132 bytes failed: Only part of a ReadProcessMemory or WriteProcessMemory request was completed. (0x12B)
[0910/124303.012:ERROR:process_memory_win.cc(73)] ReadMemory at 0x1e9fc625690 of 132 bytes failed: Only part of a ReadProcessMemory or WriteProcessMemory request was completed. (0x12B)
[0910/124303.012:ERROR:process_memory_win.cc(73)] ReadMemory at 0x1e9fc625810 of 132 bytes failed: Only part of a ReadProcessMemory or WriteProcessMemory request was completed. (0x12B)
[0910/124303.012:ERROR:process_memory_win.cc(73)] ReadMemory at 0x1e9fc625940 of 132 bytes failed: Only part of a ReadProcessMemory or WriteProcessMemory request was completed. (0x12B)
[0910/124303.012:ERROR:process_memory_win.cc(73)] ReadMemory at 0x1e9fc625a70 of 132 bytes failed: Only part of a ReadProcessMemory or WriteProcessMemory request was completed. (0x12B)
[0910/124303.012:ERROR:process_memory_win.cc(73)] ReadMemory at 0x1e9fc625ba0 of 132 bytes failed: Only part of a ReadProcessMemory or WriteProcessMemory request was completed. (0x12B)
[0910/124303.012:ERROR:process_memory_win.cc(73)] ReadMemory at 0x1e9fc625cd0 of 132 bytes failed: Only part of a ReadProcessMemory or WriteProcessMemory request was completed. (0x12B)
[0910/124303.012:ERROR:process_memory_win.cc(73)] ReadMemory at 0x1e9fc625e00 of 132 bytes failed: Only part of a ReadProcessMemory or WriteProcessMemory request was completed. (0x12B)
[0910/124303.012:ERROR:process_memory_win.cc(73)] ReadMemory at 0x1e9fc625f30 of 132 bytes failed: Only part of a ReadProcessMemory or WriteProcessMemory request was completed. (0x12B)
[0910/124303.012:ERROR:process_memory_win.cc(73)] ReadMemory at 0x1e9fc626060 of 132 bytes failed: Only part of a ReadProcessMemory or WriteProcessMemory request was completed. (0x12B)
[0910/124303.012:ERROR:process_memory_win.cc(73)] ReadMemory at 0x1e9fc6262c0 of 132 bytes failed: Only part of a ReadProcessMemory or WriteProcessMemory request was completed. (0x12B)
[0910/124303.012:ERROR:process_memory_win.cc(73)] ReadMemory at 0x1e9fc6263f0 of 132 bytes failed: Only part of a ReadProcessMemory or WriteProcessMemory request was completed. (0x12B)
[0910/124303.012:ERROR:process_memory_win.cc(73)] ReadMemory at 0x1e9fc626520 of 132 bytes failed: Only part of a ReadProcessMemory or WriteProcessMemory request was completed. (0x12B)
[0910/124303.012:ERROR:process_memory_win.cc(73)] ReadMemory at 0x1e9fc626650 of 132 bytes failed: Only part of a ReadProcessMemory or WriteProcessMemory request was completed. (0x12B)
[0910/124303.012:ERROR:process_memory_win.cc(73)] ReadMemory at 0x1e9fc628fb0 of 146 bytes failed: Only part of a ReadProcessMemory or WriteProcessMemory request was completed. (0x12B)
[0910/124303.012:ERROR:process_memory_win.cc(73)] ReadMemory at 0x1e9fc62b130 of 132 bytes failed: Only part of a ReadProcessMemory or WriteProcessMemory request was completed. (0x12B)
[0910/124303.012:ERROR:process_memory_win.cc(73)] ReadMemory at 0x1e9fc62b700 of 132 bytes failed: Only part of a ReadProcessMemory or WriteProcessMemory request was completed. (0x12B)
[0910/124303.012:ERROR:process_memory_win.cc(73)] ReadMemory at 0x1e9fc62b920 of 132 bytes failed: Only part of a ReadProcessMemory or WriteProcessMemory request was completed. (0x12B)
[0910/124303.012:ERROR:process_memory_win.cc(73)] ReadMemory at 0x1e9fc62bc80 of 132 bytes failed: Only part of a ReadProcessMemory or WriteProcessMemory request was completed. (0x12B)
[0910/124303.013:ERROR:process_memory_win.cc(73)] ReadMemory at 0x1e9fc62d550 of 62 bytes failed: Only part of a ReadProcessMemory or WriteProcessMemory request was completed. (0x12B)
[0910/124303.013:ERROR:process_memory_win.cc(73)] ReadMemory at 0x1e9fc62d5a0 of 60 bytes failed: Only part of a ReadProcessMemory or WriteProcessMemory request was completed. (0x12B)
[0910/124303.013:ERROR:process_memory_win.cc(73)] ReadMemory at 0x1e9fc62d640 of 64 bytes failed: Only part of a ReadProcessMemory or WriteProcessMemory request was completed. (0x12B)
[0910/124303.013:ERROR:process_memory_win.cc(73)] ReadMemory at 0x1e9fc62d730 of 64 bytes failed: Only part of a ReadProcessMemory or WriteProcessMemory request was completed. (0x12B)
[0910/124303.013:ERROR:process_memory_win.cc(73)] ReadMemory at 0x1e9fc62d780 of 64 bytes failed: Only part of a ReadProcessMemory or WriteProcessMemory request was completed. (0x12B)
[0910/124303.013:ERROR:process_memory_win.cc(73)] ReadMemory at 0x1e9fc62d820 of 58 bytes failed: Only part of a ReadProcessMemory or WriteProcessMemory request was completed. (0x12B)
[0910/124303.013:ERROR:process_memory_win.cc(73)] ReadMemory at 0x1e9fc62d8c0 of 66 bytes failed: Only part of a ReadProcessMemory or WriteProcessMemory request was completed. (0x12B)
[0910/124303.013:ERROR:process_memory_win.cc(73)] ReadMemory at 0x1e9fc62d9b0 of 62 bytes failed: Only part of a ReadProcessMemory or WriteProcessMemory request was completed. (0x12B)
[0910/124303.013:ERROR:process_memory_win.cc(73)] ReadMemory at 0x1e9fc62da00 of 62 bytes failed: Only part of a ReadProcessMemory or WriteProcessMemory request was completed. (0x12B)
[0910/124303.013:ERROR:process_memory_win.cc(73)] ReadMemory at 0x1e9fc62da50 of 62 bytes failed: Only part of a ReadProcessMemory or WriteProcessMemory request was completed. (0x12B)
[0910/124303.013:ERROR:process_memory_win.cc(73)] ReadMemory at 0x1e9fc62daa0 of 64 bytes failed: Only part of a ReadProcessMemory or WriteProcessMemory request was completed. (0x12B)
[0910/124303.013:ERROR:process_memory_win.cc(73)] ReadMemory at 0x1e9fc62daf0 of 62 bytes failed: Only part of a ReadProcessMemory or WriteProcessMemory request was completed. (0x12B)
[0910/124303.013:ERROR:process_memory_win.cc(73)] ReadMemory at 0x1e9fc62db90 of 62 bytes failed: Only part of a ReadProcessMemory or WriteProcessMemory request was completed. (0x12B)
[0910/124303.013:ERROR:process_memory_win.cc(73)] ReadMemory at 0x1e9fc62dcd0 of 62 bytes failed: Only part of a ReadProcessMemory or WriteProcessMemory request was completed. (0x12B)
[0910/124303.013:ERROR:process_memory_win.cc(73)] ReadMemory at 0x1e9fc62dd20 of 60 bytes failed: Only part of a ReadProcessMemory or WriteProcessMemory request was completed. (0x12B)
[0910/124303.013:ERROR:process_memory_win.cc(73)] ReadMemory at 0x1e9fc62dd70 of 62 bytes failed: Only part of a ReadProcessMemory or WriteProcessMemory request was completed. (0x12B)
[0910/124303.013:ERROR:process_memory_win.cc(73)] ReadMemory at 0x1e9fc62de10 of 64 bytes failed: Only part of a ReadProcessMemory or WriteProcessMemory request was completed. (0x12B)
[0910/124303.013:ERROR:process_memory_win.cc(73)] ReadMemory at 0x1e9fc62e0e0 of 66 bytes failed: Only part of a ReadProcessMemory or WriteProcessMemory request was completed. (0x12B)
[0910/124303.013:ERROR:process_memory_win.cc(73)] ReadMemory at 0x1e9fc62e130 of 62 bytes failed: Only part of a ReadProcessMemory or WriteProcessMemory request was completed. (0x12B)
[0910/124303.013:ERROR:process_memory_win.cc(73)] ReadMemory at 0x1e9fc62e180 of 60 bytes failed: Only part of a ReadProcessMemory or WriteProcessMemory request was completed. (0x12B)
[0910/124303.014:ERROR:process_memory_win.cc(73)] ReadMemory at 0x1e9fc62e220 of 60 bytes failed: Only part of a ReadProcessMemory or WriteProcessMemory request was completed. (0x12B)
[0910/124303.014:ERROR:process_memory_win.cc(73)] ReadMemory at 0x1e9fc62e270 of 64 bytes failed: Only part of a ReadProcessMemory or WriteProcessMemory request was completed. (0x12B)
[0910/124303.014:ERROR:process_memory_win.cc(73)] ReadMemory at 0x1e9fc62e2c0 of 60 bytes failed: Only part of a ReadProcessMemory or WriteProcessMemory request was completed. (0x12B)
[0910/124303.014:ERROR:process_memory_win.cc(73)] ReadMemory at 0x1e9fc62e360 of 60 bytes failed: Only part of a ReadProcessMemory or WriteProcessMemory request was completed. (0x12B)
[0910/124303.014:ERROR:process_memory_win.cc(73)] ReadMemory at 0x1e9fc62e400 of 64 bytes failed: Only part of a ReadProcessMemory or WriteProcessMemory request was completed. (0x12B)
[0910/124303.014:ERROR:process_memory_win.cc(73)] ReadMemory at 0x1e9fc62e450 of 64 bytes failed: Only part of a ReadProcessMemory or WriteProcessMemory request was completed. (0x12B)
[0910/124303.014:ERROR:process_memory_win.cc(73)] ReadMemory at 0x1e9fc6335b0 of 132 bytes failed: Only part of a ReadProcessMemory or WriteProcessMemory request was completed. (0x12B)
[0910/124303.014:ERROR:process_memory_win.cc(73)] ReadMemory at 0x1e9fc6340b0 of 132 bytes failed: Only part of a ReadProcessMemory or WriteProcessMemory request was completed. (0x12B)
[0910/124303.014:ERROR:process_memory_win.cc(73)] ReadMemory at 0x1e9fc6341e0 of 132 bytes failed: Only part of a ReadProcessMemory or WriteProcessMemory request was completed. (0x12B)
[0910/124303.014:ERROR:process_memory_win.cc(73)] ReadMemory at 0x1e9fc634310 of 132 bytes failed: Only part of a ReadProcessMemory or WriteProcessMemory request was completed. (0x12B)
[0910/124303.014:ERROR:process_memory_win.cc(73)] ReadMemory at 0x1e9fc6347d0 of 132 bytes failed: Only part of a ReadProcessMemory or WriteProcessMemory request was completed. (0x12B)
[0910/124303.014:ERROR:process_memory_win.cc(73)] ReadMemory at 0x1e9fc634900 of 132 bytes failed: Only part of a ReadProcessMemory or WriteProcessMemory request was completed. (0x12B)
[0910/124303.014:ERROR:process_memory_win.cc(73)] ReadMemory at 0x1e9fc634a30 of 132 bytes failed: Only part of a ReadProcessMemory or WriteProcessMemory request was completed. (0x12B)
[0910/124303.014:ERROR:process_memory_win.cc(73)] ReadMemory at 0x1e9fc634b60 of 132 bytes failed: Only part of a ReadProcessMemory or WriteProcessMemory request was completed. (0x12B)
[0910/124303.014:ERROR:process_memory_win.cc(73)] ReadMemory at 0x1e9fc634c90 of 132 bytes failed: Only part of a ReadProcessMemory or WriteProcessMemory request was completed. (0x12B)
[0910/124303.014:ERROR:process_memory_win.cc(73)] ReadMemory at 0x1e9fc634dc0 of 132 bytes failed: Only part of a ReadProcessMemory or WriteProcessMemory request was completed. (0x12B)
[0910/124303.014:ERROR:process_memory_win.cc(73)] ReadMemory at 0x1e9fc634ef0 of 132 bytes failed: Only part of a ReadProcessMemory or WriteProcessMemory request was completed. (0x12B)
[0910/124303.014:ERROR:process_memory_win.cc(73)] ReadMemory at 0x1e9fc635020 of 132 bytes failed: Only part of a ReadProcessMemory or WriteProcessMemory request was completed. (0x12B)
[0910/124303.014:ERROR:process_memory_win.cc(73)] ReadMemory at 0x1e9fc635150 of 132 bytes failed: Only part of a ReadProcessMemory or WriteProcessMemory request was completed. (0x12B)
[0910/124303.014:ERROR:process_memory_win.cc(73)] ReadMemory at 0x1e9fc635280 of 132 bytes failed: Only part of a ReadProcessMemory or WriteProcessMemory request was completed. (0x12B)
[0910/124303.014:ERROR:process_memory_win.cc(73)] ReadMemory at 0x1e9fc6353b0 of 132 bytes failed: Only part of a ReadProcessMemory or WriteProcessMemory request was completed. (0x12B)
[0910/124303.014:ERROR:process_memory_win.cc(73)] ReadMemory at 0x1e9fc6354e0 of 132 bytes failed: Only part of a ReadProcessMemory or WriteProcessMemory request was completed. (0x12B)
[0910/124303.015:ERROR:process_memory_win.cc(73)] ReadMemory at 0x1e9fc635610 of 132 bytes failed: Only part of a ReadProcessMemory or WriteProcessMemory request was completed. (0x12B)
[0910/124303.015:ERROR:process_memory_win.cc(73)] ReadMemory at 0x1e9fc635740 of 132 bytes failed: Only part of a ReadProcessMemory or WriteProcessMemory request was completed. (0x12B)
[0910/124303.015:ERROR:process_memory_win.cc(73)] ReadMemory at 0x1e9fc635870 of 132 bytes failed: Only part of a ReadProcessMemory or WriteProcessMemory request was completed. (0x12B)
[0910/124303.015:ERROR:process_memory_win.cc(73)] ReadMemory at 0x1e9fc635ad0 of 132 bytes failed: Only part of a ReadProcessMemory or WriteProcessMemory request was completed. (0x12B)
[0910/124303.015:ERROR:process_memory_win.cc(73)] ReadMemory at 0x1e9fc635c00 of 132 bytes failed: Only part of a ReadProcessMemory or WriteProcessMemory request was completed. (0x12B)
[0910/124303.015:ERROR:process_memory_win.cc(73)] ReadMemory at 0x1e9fc635d30 of 132 bytes failed: Only part of a ReadProcessMemory or WriteProcessMemory request was completed. (0x12B)
[0910/124303.015:ERROR:process_memory_win.cc(73)] ReadMemory at 0x1e9fc637aa0 of 76 bytes failed: Only part of a ReadProcessMemory or WriteProcessMemory request was completed. (0x12B)
[0910/124303.015:ERROR:process_memory_win.cc(73)] ReadMemory at 0x1e9fc637b00 of 80 bytes failed: Only part of a ReadProcessMemory or WriteProcessMemory request was completed. (0x12B)
[0910/124303.015:ERROR:process_memory_win.cc(73)] ReadMemory at 0x1e9fc656db0 of 58 bytes failed: Only part of a ReadProcessMemory or WriteProcessMemory request was completed. (0x12B)
[0910/124303.015:ERROR:process_memory_win.cc(73)] ReadMemory at 0x1e9fc656e00 of 66 bytes failed: Only part of a ReadProcessMemory or WriteProcessMemory request was completed. (0x12B)
[0910/124303.015:ERROR:process_memory_win.cc(73)] ReadMemory at 0x1e9fc656f90 of 62 bytes failed: Only part of a ReadProcessMemory or WriteProcessMemory request was completed. (0x12B)
[0910/124303.015:ERROR:process_memory_win.cc(73)] ReadMemory at 0x1e9fc657030 of 60 bytes failed: Only part of a ReadProcessMemory or WriteProcessMemory request was completed. (0x12B)
[0910/124303.015:ERROR:process_memory_win.cc(73)] ReadMemory at 0x1e9fc657120 of 64 bytes failed: Only part of a ReadProcessMemory or WriteProcessMemory request was completed. (0x12B)
[0910/124303.015:ERROR:process_memory_win.cc(73)] ReadMemory at 0x1e9fc6571c0 of 62 bytes failed: Only part of a ReadProcessMemory or WriteProcessMemory request was completed. (0x12B)
[0910/124303.015:ERROR:process_memory_win.cc(73)] ReadMemory at 0x1e9fc657260 of 58 bytes failed: Only part of a ReadProcessMemory or WriteProcessMemory request was completed. (0x12B)
[0910/124303.015:ERROR:process_memory_win.cc(73)] ReadMemory at 0x1e9fc6572b0 of 62 bytes failed: Only part of a ReadProcessMemory or WriteProcessMemory request was completed. (0x12B)
[0910/124303.015:ERROR:process_memory_win.cc(73)] ReadMemory at 0x1e9fc6574e0 of 58 bytes failed: Only part of a ReadProcessMemory or WriteProcessMemory request was completed. (0x12B)
[0910/124303.015:ERROR:process_memory_win.cc(73)] ReadMemory at 0x1e9fc657580 of 60 bytes failed: Only part of a ReadProcessMemory or WriteProcessMemory request was completed. (0x12B)
[0910/124303.015:ERROR:process_memory_win.cc(73)] ReadMemory at 0x1e9fc66e670 of 78 bytes failed: Only part of a ReadProcessMemory or WriteProcessMemory request was completed. (0x12B)
[0910/124303.015:ERROR:process_memory_win.cc(73)] ReadMemory at 0x1e9fc692020 of 640 bytes failed: Only part of a ReadProcessMemory or WriteProcessMemory request was completed. (0x12B)
[0910/124303.016:ERROR:process_memory_win.cc(73)] ReadMemory at 0x1e9fc695390 of 512 bytes failed: Only part of a ReadProcessMemory or WriteProcessMemory request was completed. (0x12B)
[0910/124303.016:ERROR:process_memory_win.cc(73)] ReadMemory at 0x1e9fc696010 of 512 bytes failed: Only part of a ReadProcessMemory or WriteProcessMemory request was completed. (0x12B)
[0910/124303.016:ERROR:process_memory_win.cc(73)] ReadMemory at 0x1e9fc6b0c40 of 512 bytes failed: Only part of a ReadProcessMemory or WriteProcessMemory request was completed. (0x12B)
[0910/124303.016:ERROR:process_memory_win.cc(73)] ReadMemory at 0x1e9fc6b65b0 of 512 bytes failed: Only part of a ReadProcessMemory or WriteProcessMemory request was completed. (0x12B)
[0910/124303.016:ERROR:process_memory_win.cc(73)] ReadMemory at 0x1e9fc6b8a50 of 512 bytes failed: Only part of a ReadProcessMemory or WriteProcessMemory request was completed. (0x12B)
[0910/124303.016:ERROR:process_memory_win.cc(73)] ReadMemory at 0x1e9fc6c1c00 of 712 bytes failed: Only part of a ReadProcessMemory or WriteProcessMemory request was completed. (0x12B)
[0910/124303.016:ERROR:process_memory_win.cc(73)] ReadMemory at 0x1e9fc6e1e30 of 512 bytes failed: Only part of a ReadProcessMemory or WriteProcessMemory request was completed. (0x12B)
[0910/124303.016:ERROR:process_memory_win.cc(73)] ReadMemory at 0x1e9fc6e2530 of 512 bytes failed: Only part of a ReadProcessMemory or WriteProcessMemory request was completed. (0x12B)
[0910/124303.016:ERROR:process_memory_win.cc(73)] ReadMemory at 0x1e9fc812080 of 512 bytes failed: Only part of a ReadProcessMemory or WriteProcessMemory request was completed. (0x12B)
[0910/124303.016:ERROR:process_memory_win.cc(73)] ReadMemory at 0x1e9fc8125c0 of 512 bytes failed: Only part of a ReadProcessMemory or WriteProcessMemory request was completed. (0x12B)
[0910/124303.016:ERROR:process_memory_win.cc(73)] ReadMemory at 0x1e9fc812f80 of 512 bytes failed: Only part of a ReadProcessMemory or WriteProcessMemory request was completed. (0x12B)
[0910/124303.016:ERROR:process_memory_win.cc(73)] ReadMemory at 0x5b83eb646be8 of 512 bytes failed: Only part of a ReadProcessMemory or WriteProcessMemory request was completed. (0x12B)
[0910/124303.016:ERROR:process_memory_win.cc(73)] ReadMemory at 0x72d000000000 of 384 bytes failed: Only part of a ReadProcessMemory or WriteProcessMemory request was completed. (0x12B)
[0910/124303.016:ERROR:process_memory_win.cc(73)] ReadMemory at 0x72d00826a6d5 of 512 bytes failed: Only part of a ReadProcessMemory or WriteProcessMemory request was completed. (0x12B)
[0910/124303.016:ERROR:process_memory_win.cc(73)] ReadMemory at 0x72d00826b26c of 512 bytes failed: Only part of a ReadProcessMemory or WriteProcessMemory request was completed. (0x12B)
[0910/124303.016:ERROR:process_memory_win.cc(73)] ReadMemory at 0x72d008abed2d of 512 bytes failed: Only part of a ReadProcessMemory or WriteProcessMemory request was completed. (0x12B)
[0910/124303.016:ERROR:process_memory_win.cc(73)] ReadMemory at 0x72d00924ff2c of 512 bytes failed: Only part of a ReadProcessMemory or WriteProcessMemory request was completed. (0x12B)
[0910/124303.016:ERROR:process_memory_win.cc(73)] ReadMemory at 0x7fff970da184 of 660 bytes failed: Only part of a ReadProcessMemory or WriteProcessMemory request was completed. (0x12B)
[0910/124303.016:ERROR:process_memory_win.cc(73)] ReadMemory at 0x7fff97dde17d of 512 bytes failed: Only part of a ReadProcessMemory or WriteProcessMemory request was completed. (0x12B)
[0910/124303.016:ERROR:process_memory_win.cc(73)] ReadMemory at 0x7fff9da09ef0 of 512 bytes failed: Only part of a ReadProcessMemory or WriteProcessMemory request was completed. (0x12B)
[0910/124303.017:ERROR:process_memory_win.cc(73)] ReadMemory at 0x7fffdc273aa9 of 512 bytes failed: Only part of a ReadProcessMemory or WriteProcessMemory request was completed. (0x12B)
[0910/124303.017:ERROR:process_memory_win.cc(73)] ReadMemory at 0x7fffdc49d700 of 512 bytes failed: Only part of a ReadProcessMemory or WriteProcessMemory request was completed. (0x12B)
[0910/124303.017:ERROR:process_memory_win.cc(73)] ReadMemory at 0x7fffdd291f80 of 512 bytes failed: Only part of a ReadProcessMemory or WriteProcessMemory request was completed. (0x12B)
[0910/124303.017:ERROR:process_memory_win.cc(73)] ReadMemory at 0x7fffdf1bc074 of 672 bytes failed: Only part of a ReadProcessMemory or WriteProcessMemory request was completed. (0x12B)
[0910/124303.017:ERROR:process_memory_win.cc(73)] ReadMemory at 0x7fffdf1bc674 of 512 bytes failed: Only part of a ReadProcessMemory or WriteProcessMemory request was completed. (0x12B)
[0910/124303.017:ERROR:process_memory_win.cc(73)] ReadMemory at 0x7fffdf1bf924 of 608 bytes failed: Only part of a ReadProcessMemory or WriteProcessMemory request was completed. (0x12B)
[0910/124303.017:ERROR:process_memory_win.cc(73)] ReadMemory at 0x7fffdf24c428 of 18 bytes failed: Only part of a ReadProcessMemory or WriteProcessMemory request was completed. (0x12B)
[0910/124303.017:ERROR:process_memory_win.cc(73)] ReadMemory at 0x7fffdf27f4f8 of 40 bytes failed: Only part of a ReadProcessMemory or WriteProcessMemory request was completed. (0x12B)
[0910/124303.017:ERROR:process_memory_win.cc(73)] ReadMemory at 0x7fffdf27f978 of 48 bytes failed: Only part of a ReadProcessMemory or WriteProcessMemory request was completed. (0x12B)
[0910/124303.017:ERROR:process_memory_win.cc(73)] ReadMemory at 0x7fffdf2853c0 of 64 bytes failed: Only part of a ReadProcessMemory or WriteProcessMemory request was completed. (0x12B)
[0910/124303.018:ERROR:scoped_process_suspend.cc(40)] NtResumeProcess: An attempt was made to access an exiting process. (0xc000010a)
